::1 - - [22/Nov/2019:14:35:40 +0000] "OPTIONS /user/signin HTTP/1.1" 204 0
::1 - - [22/Nov/2019:14:35:40 +0000] "POST /user/signin HTTP/1.1" 200 5
::1 - - [22/Nov/2019:14:36:28 +0000] "OPTIONS /user/signin HTTP/1.1" 204 0
::1 - - [22/Nov/2019:14:36:28 +0000] "POST /user/signin HTTP/1.1" 200 179
::1 - - [22/Nov/2019:15:19:28 +0000] "OPTIONS /user/signin HTTP/1.1" 204 0
::1 - - [22/Nov/2019:15:19:28 +0000] "POST /user/signin HTTP/1.1" 200 5
::1 - - [22/Nov/2019:15:19:37 +0000] "OPTIONS /user/signin HTTP/1.1" 204 0
::1 - - [22/Nov/2019:15:19:37 +0000] "POST /user/signin HTTP/1.1" 200 179
::1 - - [22/Nov/2019:15:24:07 +0000] "OPTIONS /user/signin HTTP/1.1" 204 0
::1 - - [22/Nov/2019:15:24:07 +0000] "POST /user/signin HTTP/1.1" 200 179
::1 - - [22/Nov/2019:15:32:22 +0000] "OPTIONS /user/signin HTTP/1.1" 204 0
::1 - - [22/Nov/2019:15:32:22 +0000] "POST /user/signin HTTP/1.1" 200 179
::1 - - [22/Nov/2019:15:33:04 +0000] "OPTIONS /user/signin HTTP/1.1" 204 0
::1 - - [22/Nov/2019:15:33:04 +0000] "POST /user/signin HTTP/1.1" 200 179
::1 - - [22/Nov/2019:15:34:24 +0000] "OPTIONS /user/signin HTTP/1.1" 204 0
::1 - - [22/Nov/2019:15:34:24 +0000] "POST /user/signin HTTP/1.1" 200 179
::1 - - [22/Nov/2019:15:35:05 +0000] "OPTIONS /user/signin HTTP/1.1" 204 0
::1 - - [22/Nov/2019:15:35:05 +0000] "POST /user/signin HTTP/1.1" 200 179
::1 - - [22/Nov/2019:15:36:34 +0000] "OPTIONS /user/signin HTTP/1.1" 204 0
::1 - - [22/Nov/2019:15:36:34 +0000] "POST /user/signin HTTP/1.1" 200 179
::1 - - [22/Nov/2019:15:37:05 +0000] "OPTIONS /user/signin HTTP/1.1" 204 0
::1 - - [22/Nov/2019:15:37:05 +0000] "POST /user/signin HTTP/1.1" 200 179
::1 - - [22/Nov/2019:15:39:20 +0000] "OPTIONS /user/signin HTTP/1.1" 204 0
::1 - - [22/Nov/2019:15:39:20 +0000] "POST /user/signin HTTP/1.1" 200 179
::1 - - [22/Nov/2019:15:39:58 +0000] "OPTIONS /user/signin HTTP/1.1" 204 0
::1 - - [22/Nov/2019:15:39:58 +0000] "POST /user/signin HTTP/1.1" 200 179
::1 - - [22/Nov/2019:15:40:28 +0000] "OPTIONS /user/signin HTTP/1.1" 204 0
::1 - - [22/Nov/2019:15:40:28 +0000] "POST /user/signin HTTP/1.1" 200 179
::1 - - [22/Nov/2019:15:40:50 +0000] "OPTIONS /user/signin HTTP/1.1" 204 0
::1 - - [22/Nov/2019:15:40:51 +0000] "POST /user/signin HTTP/1.1" 200 179
::1 - - [22/Nov/2019:15:41:35 +0000] "OPTIONS /user/signin HTTP/1.1" 204 0
::1 - - [22/Nov/2019:15:41:35 +0000] "POST /user/signin HTTP/1.1" 200 179
::1 - - [22/Nov/2019:15:42:37 +0000] "OPTIONS /user/signin HTTP/1.1" 204 0
::1 - - [22/Nov/2019:15:42:37 +0000] "POST /user/signin HTTP/1.1" 200 5
::1 - - [22/Nov/2019:15:42:44 +0000] "OPTIONS /user/signin HTTP/1.1" 204 0
::1 - - [22/Nov/2019:15:42:44 +0000] "POST /user/signin HTTP/1.1" 200 179
::1 - - [22/Nov/2019:15:43:08 +0000] "OPTIONS /user/signin HTTP/1.1" 204 0
::1 - - [22/Nov/2019:15:43:08 +0000] "POST /user/signin HTTP/1.1" 200 179
::1 - - [22/Nov/2019:15:44:06 +0000] "OPTIONS /user/signin HTTP/1.1" 204 0
::1 - - [22/Nov/2019:15:44:06 +0000] "POST /user/signin HTTP/1.1" 200 179
::1 - - [22/Nov/2019:15:44:26 +0000] "OPTIONS /user/signin HTTP/1.1" 204 0
::1 - - [22/Nov/2019:15:44:26 +0000] "POST /user/signin HTTP/1.1" 200 179
::1 - - [22/Nov/2019:15:45:28 +0000] "OPTIONS /user/signin HTTP/1.1" 204 0
::1 - - [22/Nov/2019:15:45:28 +0000] "POST /user/signin HTTP/1.1" 200 179
::1 - - [22/Nov/2019:15:45:51 +0000] "OPTIONS /user/signin HTTP/1.1" 204 0
::1 - - [22/Nov/2019:15:45:52 +0000] "POST /user/signin HTTP/1.1" 200 179
::1 - - [22/Nov/2019:15:46:28 +0000] "OPTIONS /user/signin HTTP/1.1" 204 0
::1 - - [22/Nov/2019:15:46:29 +0000] "POST /user/signin HTTP/1.1" 200 179
::1 - - [22/Nov/2019:15:46:53 +0000] "OPTIONS /user/signin HTTP/1.1" 204 0
::1 - - [22/Nov/2019:15:46:54 +0000] "POST /user/signin HTTP/1.1" 200 179
::1 - - [22/Nov/2019:15:47:48 +0000] "OPTIONS /user/signin HTTP/1.1" 204 0
::1 - - [22/Nov/2019:15:47:48 +0000] "POST /user/signin HTTP/1.1" 200 179
::1 - - [22/Nov/2019:15:48:23 +0000] "OPTIONS /user/signin HTTP/1.1" 204 0
::1 - - [22/Nov/2019:15:48:24 +0000] "POST /user/signin HTTP/1.1" 200 179
::1 - - [22/Nov/2019:15:48:52 +0000] "OPTIONS /user/signin HTTP/1.1" 204 0
::1 - - [22/Nov/2019:15:48:52 +0000] "POST /user/signin HTTP/1.1" 200 179
::1 - - [22/Nov/2019:15:50:28 +0000] "OPTIONS /user/signin HTTP/1.1" 204 0
::1 - - [22/Nov/2019:15:50:28 +0000] "POST /user/signin HTTP/1.1" 200 179
::1 - - [22/Nov/2019:15:52:28 +0000] "OPTIONS /user/signin HTTP/1.1" 204 0
::1 - - [22/Nov/2019:15:52:28 +0000] "POST /user/signin HTTP/1.1" 200 179
::1 - - [22/Nov/2019:15:53:27 +0000] "OPTIONS /user/signin HTTP/1.1" 204 0
::1 - - [22/Nov/2019:15:53:27 +0000] "POST /user/signin HTTP/1.1" 200 179
::1 - - [22/Nov/2019:15:54:54 +0000] "OPTIONS /user/signin HTTP/1.1" 204 0
::1 - - [22/Nov/2019:15:54:54 +0000] "POST /user/signin HTTP/1.1" 200 179
::1 - - [22/Nov/2019:15:55:42 +0000] "OPTIONS /user/signin HTTP/1.1" 204 0
::1 - - [22/Nov/2019:15:55:43 +0000] "POST /user/signin HTTP/1.1" 200 179
::1 - - [22/Nov/2019:15:58:30 +0000] "OPTIONS /user/signin HTTP/1.1" 204 0
::1 - - [22/Nov/2019:15:58:30 +0000] "POST /user/signin HTTP/1.1" 200 179
::1 - - [22/Nov/2019:15:59:38 +0000] "OPTIONS /user/signin HTTP/1.1" 204 0
::1 - - [22/Nov/2019:15:59:38 +0000] "POST /user/signin HTTP/1.1" 200 179
::1 - - [22/Nov/2019:16:00:13 +0000] "OPTIONS /user/signin HTTP/1.1" 204 0
::1 - - [22/Nov/2019:16:00:13 +0000] "POST /user/signin HTTP/1.1" 200 179
::1 - - [22/Nov/2019:16:01:09 +0000] "OPTIONS /user/signin HTTP/1.1" 204 0
::1 - - [22/Nov/2019:16:01:09 +0000] "POST /user/signin HTTP/1.1" 200 179
::1 - - [22/Nov/2019:18:48:38 +0000] "OPTIONS /user/signup HTTP/1.1" 204 0
::1 - - [22/Nov/2019:18:48:39 +0000] "POST /user/signup HTTP/1.1" 200 26
::1 - - [22/Nov/2019:18:48:40 +0000] "POST /user/signup HTTP/1.1" 200 26
::1 - - [22/Nov/2019:18:50:41 +0000] "OPTIONS /user/signup HTTP/1.1" 204 0
::1 - - [22/Nov/2019:18:50:41 +0000] "POST /user/signup HTTP/1.1" 200 26
::1 - - [22/Nov/2019:18:53:09 +0000] "OPTIONS /user/signup HTTP/1.1" 204 0
::1 - - [22/Nov/2019:18:53:09 +0000] "POST /user/signup HTTP/1.1" 200 26
::1 - - [22/Nov/2019:18:54:56 +0000] "OPTIONS /user/signup HTTP/1.1" 204 0
::1 - - [22/Nov/2019:18:54:56 +0000] "POST /user/signup HTTP/1.1" 200 26
::1 - - [22/Nov/2019:18:55:34 +0000] "OPTIONS /user/signup HTTP/1.1" 204 0
::1 - - [22/Nov/2019:18:55:34 +0000] "POST /user/signup HTTP/1.1" 200 26
::1 - - [22/Nov/2019:18:56:34 +0000] "OPTIONS /user/signup HTTP/1.1" 204 0
::1 - - [22/Nov/2019:18:56:34 +0000] "POST /user/signup HTTP/1.1" 200 26
::1 - - [22/Nov/2019:19:11:35 +0000] "OPTIONS /user/signin HTTP/1.1" 204 0
::1 - - [22/Nov/2019:19:11:36 +0000] "POST /user/signin HTTP/1.1" 200 179
::1 - - [22/Nov/2019:19:12:10 +0000] "OPTIONS /user/signin HTTP/1.1" 204 0
::1 - - [22/Nov/2019:19:12:10 +0000] "POST /user/signin HTTP/1.1" 200 179
::1 - - [22/Nov/2019:19:13:50 +0000] "OPTIONS /user/signin HTTP/1.1" 204 0
::1 - - [22/Nov/2019:19:13:50 +0000] "POST /user/signin HTTP/1.1" 200 179
::1 - - [22/Nov/2019:19:15:07 +0000] "OPTIONS /user/signin HTTP/1.1" 204 0
::1 - - [22/Nov/2019:19:15:07 +0000] "POST /user/signin HTTP/1.1" 200 179
::1 - - [22/Nov/2019:19:16:12 +0000] "OPTIONS /user/signin HTTP/1.1" 204 0
::1 - - [22/Nov/2019:19:16:12 +0000] "POST /user/signin HTTP/1.1" 200 179
::1 - - [22/Nov/2019:19:17:08 +0000] "OPTIONS /user/signin HTTP/1.1" 204 0
::1 - - [22/Nov/2019:19:17:08 +0000] "POST /user/signin HTTP/1.1" 200 179
::1 - - [22/Nov/2019:19:17:39 +0000] "OPTIONS /user/signin HTTP/1.1" 204 0
::1 - - [22/Nov/2019:19:17:39 +0000] "POST /user/signin HTTP/1.1" 200 179
::1 - - [22/Nov/2019:19:23:40 +0000] "OPTIONS /user/signin HTTP/1.1" 204 0
::1 - - [22/Nov/2019:19:23:40 +0000] "POST /user/signin HTTP/1.1" 200 179
::1 - - [22/Nov/2019:19:29:19 +0000] "OPTIONS /user/signin HTTP/1.1" 204 0
::1 - - [22/Nov/2019:19:29:19 +0000] "POST /user/signin HTTP/1.1" 200 179
::1 - - [22/Nov/2019:19:29:49 +0000] "OPTIONS /user/signin HTTP/1.1" 204 0
::1 - - [22/Nov/2019:19:29:49 +0000] "POST /user/signin HTTP/1.1" 200 179
::1 - - [22/Nov/2019:19:32:14 +0000] "OPTIONS /user/signin HTTP/1.1" 204 0
::1 - - [22/Nov/2019:19:32:14 +0000] "POST /user/signin HTTP/1.1" 200 179
::1 - - [22/Nov/2019:19:33:21 +0000] "OPTIONS /user/signin HTTP/1.1" 204 0
::1 - - [22/Nov/2019:19:33:21 +0000] "POST /user/signin HTTP/1.1" 200 177
::1 - - [23/Nov/2019:13:43:44 +0000] "OPTIONS /user/signin HTTP/1.1" 204 0
::1 - - [23/Nov/2019:13:43:44 +0000] "POST /user/signin HTTP/1.1" 200 179
::1 - - [23/Nov/2019:13:46:59 +0000] "OPTIONS /user/signin HTTP/1.1" 204 0
::1 - - [23/Nov/2019:13:46:59 +0000] "POST /user/signin HTTP/1.1" 200 179
::1 - - [23/Nov/2019:13:52:39 +0000] "OPTIONS /user/signin HTTP/1.1" 204 0
::1 - - [23/Nov/2019:13:52:39 +0000] "POST /user/signin HTTP/1.1" 200 179
::1 - - [23/Nov/2019:13:55:05 +0000] "OPTIONS /user/signin HTTP/1.1" 204 0
::1 - - [23/Nov/2019:13:55:05 +0000] "POST /user/signin HTTP/1.1" 200 5
::1 - - [23/Nov/2019:13:56:05 +0000] "OPTIONS /user/signin HTTP/1.1" 204 0
::1 - - [23/Nov/2019:13:56:05 +0000] "POST /user/signin HTTP/1.1" 200 5
::1 - - [23/Nov/2019:13:56:15 +0000] "OPTIONS /user/signin HTTP/1.1" 204 0
::1 - - [23/Nov/2019:13:56:15 +0000] "POST /user/signin HTTP/1.1" 200 5
::1 - - [23/Nov/2019:14:02:02 +0000] "OPTIONS /user/signin HTTP/1.1" 204 0
::1 - - [23/Nov/2019:14:02:02 +0000] "POST /user/signin HTTP/1.1" 200 179
::1 - - [23/Nov/2019:14:03:00 +0000] "OPTIONS /user/signin HTTP/1.1" 204 0
::1 - - [23/Nov/2019:14:03:00 +0000] "POST /user/signin HTTP/1.1" 200 5
::1 - - [23/Nov/2019:14:03:08 +0000] "OPTIONS /user/signin HTTP/1.1" 204 0
::1 - - [23/Nov/2019:14:03:08 +0000] "POST /user/signin HTTP/1.1" 200 5
::1 - - [23/Nov/2019:14:03:20 +0000] "OPTIONS /user/signin HTTP/1.1" 204 0
::1 - - [23/Nov/2019:14:03:20 +0000] "POST /user/signin HTTP/1.1" 200 5
::1 - - [23/Nov/2019:14:03:21 +0000] "POST /user/signin HTTP/1.1" 200 5
::1 - - [23/Nov/2019:14:03:21 +0000] "POST /user/signin HTTP/1.1" 200 5
::1 - - [23/Nov/2019:14:03:21 +0000] "POST /user/signin HTTP/1.1" 200 5
::1 - - [23/Nov/2019:14:03:21 +0000] "POST /user/signin HTTP/1.1" 200 5
::1 - - [23/Nov/2019:14:03:22 +0000] "POST /user/signin HTTP/1.1" 200 5
::1 - - [23/Nov/2019:14:03:24 +0000] "POST /user/signin HTTP/1.1" 200 5
::1 - - [23/Nov/2019:14:04:25 +0000] "OPTIONS /user/signin HTTP/1.1" 204 0
::1 - - [23/Nov/2019:14:04:25 +0000] "POST /user/signin HTTP/1.1" 200 5
::1 - - [23/Nov/2019:14:04:41 +0000] "OPTIONS /user/signin HTTP/1.1" 204 0
::1 - - [23/Nov/2019:14:04:41 +0000] "POST /user/signin HTTP/1.1" 200 5
::1 - - [23/Nov/2019:14:05:14 +0000] "OPTIONS /user/signin HTTP/1.1" 204 0
::1 - - [23/Nov/2019:14:05:14 +0000] "POST /user/signin HTTP/1.1" 200 5
::1 - - [23/Nov/2019:14:05:19 +0000] "POST /user/signin HTTP/1.1" 200 5
::1 - - [23/Nov/2019:14:05:22 +0000] "OPTIONS /user/signin HTTP/1.1" 204 0
::1 - - [23/Nov/2019:14:05:22 +0000] "POST /user/signin HTTP/1.1" 200 5
::1 - - [23/Nov/2019:14:05:39 +0000] "OPTIONS /user/signin HTTP/1.1" 204 0
::1 - - [23/Nov/2019:14:05:39 +0000] "POST /user/signin HTTP/1.1" 200 5
::1 - - [23/Nov/2019:14:18:10 +0000] "OPTIONS /user/signin HTTP/1.1" 204 0
::1 - - [23/Nov/2019:14:18:11 +0000] "POST /user/signin HTTP/1.1" 200 5
::1 - - [23/Nov/2019:14:18:17 +0000] "OPTIONS /user/signin HTTP/1.1" 204 0
::1 - - [23/Nov/2019:14:18:17 +0000] "POST /user/signin HTTP/1.1" 200 179
::1 - - [23/Nov/2019:14:18:32 +0000] "GET /employee/searchByEmail?email=alaa@gmail.com HTTP/1.1" 200 4
::1 - - [23/Nov/2019:14:18:34 +0000] "GET /employee/searchByEmail?email=alaa@gmail.com HTTP/1.1" 304 -
::1 - - [23/Nov/2019:14:18:44 +0000] "GET /employee/searchByEmail?email=afifi@gmail.com HTTP/1.1" 200 4
::1 - - [23/Nov/2019:14:18:45 +0000] "GET /employee/searchByEmail?email=afifi@gmail.com HTTP/1.1" 304 -
::1 - - [23/Nov/2019:14:18:51 +0000] "GET /employee/searchByEmail?email=lasheen@gmail.com HTTP/1.1" 200 4
::1 - - [23/Nov/2019:14:18:52 +0000] "GET /employee/searchByEmail?email=lasheen@gmail.com HTTP/1.1" 304 -
::1 - - [25/Nov/2019:10:08:42 +0000] "OPTIONS /user/signin HTTP/1.1" 204 0
::1 - - [25/Nov/2019:10:08:43 +0000] "POST /user/signin HTTP/1.1" 200 179
::1 - - [25/Nov/2019:10:42:38 +0000] "OPTIONS /user/signup HTTP/1.1" 204 0
::1 - - [25/Nov/2019:10:42:38 +0000] "POST /user/signup HTTP/1.1" 200 26
::1 - - [25/Nov/2019:10:43:34 +0000] "OPTIONS /user/signup HTTP/1.1" 204 0
::1 - - [25/Nov/2019:10:43:34 +0000] "POST /user/signup HTTP/1.1" 200 26
::1 - - [25/Nov/2019:10:46:13 +0000] "OPTIONS /user/signup HTTP/1.1" 204 0
::1 - - [25/Nov/2019:10:46:13 +0000] "POST /user/signup HTTP/1.1" 200 26
::1 - - [27/Nov/2019:18:47:26 +0000] "GET /user/signin HTTP/1.1" 404 150
::1 - - [27/Nov/2019:18:47:37 +0000] "GET /user/signin HTTP/1.1" 404 150
::1 - - [27/Nov/2019:18:47:46 +0000] "GET /user/signin HTTP/1.1" 404 150
::1 - - [27/Nov/2019:18:48:03 +0000] "GET /user/signin HTTP/1.1" 404 150
::1 - - [27/Nov/2019:18:48:24 +0000] "GET /user/signin HTTP/1.1" 404 150
::1 - - [27/Nov/2019:18:49:12 +0000] "GET /user/signin HTTP/1.1" 404 150
::1 - - [27/Nov/2019:18:50:20 +0000] "GET /user/signin HTTP/1.1" 404 150
::1 - - [27/Nov/2019:18:51:26 +0000] "OPTIONS /user/signin HTTP/1.1" 204 0
::1 - - [27/Nov/2019:18:51:26 +0000] "POST /user/signin HTTP/1.1" 200 179
::1 - - [27/Nov/2019:18:52:13 +0000] "OPTIONS /user/signin HTTP/1.1" 204 0
::1 - - [27/Nov/2019:18:52:13 +0000] "POST /user/signin HTTP/1.1" 200 179
::1 - - [27/Nov/2019:19:38:53 +0000] "OPTIONS /user/signin HTTP/1.1" 204 0
::1 - - [27/Nov/2019:19:38:53 +0000] "POST /user/signin HTTP/1.1" 200 179
::1 - - [27/Nov/2019:19:44:06 +0000] "OPTIONS /user/signin HTTP/1.1" 204 0
::1 - - [27/Nov/2019:19:44:06 +0000] "POST /user/signin HTTP/1.1" 200 179
::1 - - [27/Nov/2019:19:44:07 +0000] "POST /user/signin HTTP/1.1" 200 179
::1 - - [28/Nov/2019:10:13:06 +0000] "OPTIONS /user/signin HTTP/1.1" 204 0
::1 - - [28/Nov/2019:10:13:07 +0000] "POST /user/signin HTTP/1.1" 200 179
::1 - - [28/Nov/2019:10:14:30 +0000] "OPTIONS /user/signin HTTP/1.1" 204 0
::1 - - [28/Nov/2019:10:14:30 +0000] "POST /user/signin HTTP/1.1" 200 179
::1 - - [28/Nov/2019:10:15:35 +0000] "OPTIONS /user/signin HTTP/1.1" 204 0
::1 - - [28/Nov/2019:10:15:35 +0000] "POST /user/signin HTTP/1.1" 200 30
::1 - - [28/Nov/2019:10:15:41 +0000] "OPTIONS /user/signin HTTP/1.1" 204 0
::1 - - [28/Nov/2019:10:15:41 +0000] "POST /user/signin HTTP/1.1" 200 179
::1 - - [28/Nov/2019:10:16:07 +0000] "OPTIONS /user/signin HTTP/1.1" 204 0
::1 - - [28/Nov/2019:10:16:07 +0000] "POST /user/signin HTTP/1.1" 200 179
::1 - - [28/Nov/2019:10:16:33 +0000] "OPTIONS /user/signin HTTP/1.1" 204 0
::1 - - [28/Nov/2019:10:16:33 +0000] "POST /user/signin HTTP/1.1" 200 179
::1 - - [28/Nov/2019:10:19:40 +0000] "OPTIONS /user/signin HTTP/1.1" 204 0
::1 - - [28/Nov/2019:10:19:41 +0000] "POST /user/signin HTTP/1.1" 200 179
::1 - - [28/Nov/2019:10:21:29 +0000] "OPTIONS /user/signin HTTP/1.1" 204 0
::1 - - [28/Nov/2019:10:21:29 +0000] "POST /user/signin HTTP/1.1" 200 33
::1 - - [28/Nov/2019:10:21:42 +0000] "OPTIONS /user/signin HTTP/1.1" 204 0
::1 - - [28/Nov/2019:10:21:43 +0000] "POST /user/signin HTTP/1.1" 200 179
::1 - - [28/Nov/2019:10:22:35 +0000] "OPTIONS /user/signin HTTP/1.1" 204 0
::1 - - [28/Nov/2019:10:22:35 +0000] "POST /user/signin HTTP/1.1" 200 179
::1 - - [28/Nov/2019:10:23:19 +0000] "OPTIONS /user/signin HTTP/1.1" 204 0
::1 - - [28/Nov/2019:10:23:19 +0000] "POST /user/signin HTTP/1.1" 200 30
::1 - - [28/Nov/2019:10:23:27 +0000] "OPTIONS /user/signin HTTP/1.1" 204 0
::1 - - [28/Nov/2019:10:23:27 +0000] "POST /user/signin HTTP/1.1" 200 179
::1 - - [28/Nov/2019:10:24:06 +0000] "OPTIONS /user/signin HTTP/1.1" 204 0
::1 - - [28/Nov/2019:10:24:06 +0000] "POST /user/signin HTTP/1.1" 200 179
::1 - - [28/Nov/2019:10:24:41 +0000] "OPTIONS /user/signin HTTP/1.1" 204 0
::1 - - [28/Nov/2019:10:24:41 +0000] "POST /user/signin HTTP/1.1" 200 179
::1 - - [28/Nov/2019:10:25:53 +0000] "OPTIONS /user/signin HTTP/1.1" 204 0
::1 - - [28/Nov/2019:10:25:53 +0000] "POST /user/signin HTTP/1.1" 200 179
::1 - - [28/Nov/2019:10:27:01 +0000] "OPTIONS /user/signin HTTP/1.1" 204 0
::1 - - [28/Nov/2019:10:27:01 +0000] "POST /user/signin HTTP/1.1" 200 179
::1 - - [28/Nov/2019:10:39:08 +0000] "OPTIONS /user/signin HTTP/1.1" 204 0
::1 - - [28/Nov/2019:10:39:08 +0000] "POST /user/signin HTTP/1.1" 200 33
::1 - - [28/Nov/2019:10:39:23 +0000] "OPTIONS /user/signin HTTP/1.1" 204 0
::1 - - [28/Nov/2019:10:39:23 +0000] "POST /user/signin HTTP/1.1" 200 30
::1 - - [29/Nov/2019:21:18:06 +0000] "OPTIONS /user/signin HTTP/1.1" 204 0
::1 - - [29/Nov/2019:21:18:06 +0000] "POST /user/signin HTTP/1.1" 200 179
::1 - - [29/Nov/2019:21:19:15 +0000] "GET /employee/searchByEmail?email=omneya@gmail.com HTTP/1.1" 200 4
::1 - - [29/Nov/2019:21:19:15 +0000] "GET /employee/searchByEmail?email=omneya@gmail.com HTTP/1.1" 304 -
::1 - - [29/Nov/2019:21:38:46 +0000] "POST /user/signin HTTP/1.1" 200 179
::1 - - [29/Nov/2019:21:40:35 +0000] "GET /test HTTP/1.1" 404 143
::1 - - [29/Nov/2019:21:41:01 +0000] "GET /user/test HTTP/1.1" 500 2025
::1 - - [29/Nov/2019:21:42:20 +0000] "GET /user/test HTTP/1.1" 200 12
::1 - - [01/Dec/2019:11:58:28 +0000] "OPTIONS /user/signin HTTP/1.1" 204 0
::1 - - [01/Dec/2019:11:59:52 +0000] "OPTIONS /user/signin HTTP/1.1" 204 0
::1 - - [01/Dec/2019:12:01:11 +0000] "OPTIONS /user/signin HTTP/1.1" 204 0
::1 - - [01/Dec/2019:12:01:11 +0000] "POST /user/signin HTTP/1.1" 200 179
::1 - - [01/Dec/2019:12:01:46 +0000] "OPTIONS /user/signin HTTP/1.1" 204 0
::1 - - [01/Dec/2019:12:01:46 +0000] "POST /user/signin HTTP/1.1" 200 179
::1 - - [01/Dec/2019:12:06:47 +0000] "GET /employee/searchByEmail?email=omneya@gmail.com HTTP/1.1" 500 2052
::1 - - [01/Dec/2019:12:06:48 +0000] "GET /employee/searchByEmail?email=omneya@gmail.com HTTP/1.1" 500 2052
::1 - - [01/Dec/2019:18:47:55 +0000] "OPTIONS /user/signup HTTP/1.1" 204 0
::1 - - [01/Dec/2019:18:47:56 +0000] "POST /user/signup HTTP/1.1" 200 17
::1 - - [01/Dec/2019:18:47:57 +0000] "POST /user/signup HTTP/1.1" 200 17
::1 - - [04/Dec/2019:08:58:08 +0000] "OPTIONS /user/signin HTTP/1.1" 204 0
::1 - - [04/Dec/2019:08:58:09 +0000] "POST /user/signin HTTP/1.1" 200 30
::1 - - [04/Dec/2019:08:58:23 +0000] "OPTIONS /user/signin HTTP/1.1" 204 0
::1 - - [04/Dec/2019:08:58:23 +0000] "POST /user/signin HTTP/1.1" 200 179
::1 - - [04/Dec/2019:08:58:33 +0000] "OPTIONS /user/signin HTTP/1.1" 204 0
::1 - - [04/Dec/2019:08:58:34 +0000] "POST /user/signin HTTP/1.1" 200 33
::1 - - [04/Dec/2019:08:58:42 +0000] "OPTIONS /user/signin HTTP/1.1" 204 0
::1 - - [04/Dec/2019:08:58:42 +0000] "POST /user/signin HTTP/1.1" 200 179
::1 - - [04/Dec/2019:09:47:05 +0000] "OPTIONS /user/signin HTTP/1.1" 204 0
::1 - - [04/Dec/2019:09:47:05 +0000] "POST /user/signin HTTP/1.1" 200 33
::1 - - [04/Dec/2019:10:01:00 +0000] "OPTIONS /user/signin HTTP/1.1" 204 0
::1 - - [04/Dec/2019:10:01:00 +0000] "POST /user/signin HTTP/1.1" 200 33
::1 - - [04/Dec/2019:10:01:07 +0000] "OPTIONS /user/signin HTTP/1.1" 204 0
::1 - - [04/Dec/2019:10:01:07 +0000] "POST /user/signin HTTP/1.1" 200 179
::1 - - [04/Dec/2019:12:25:47 +0000] "OPTIONS /user/signin HTTP/1.1" 204 0
::1 - - [04/Dec/2019:12:25:47 +0000] "POST /user/signin HTTP/1.1" 200 179
::1 - - [04/Dec/2019:12:26:34 +0000] "OPTIONS /employee/addEmp HTTP/1.1" 204 0
::1 - - [04/Dec/2019:12:26:34 +0000] "POST /employee/addEmp HTTP/1.1" 500 2033
::1 - - [04/Dec/2019:12:26:48 +0000] "GET /employee/searchByEmail?email=hotz@gmail.com HTTP/1.1" 500 2052
::1 - - [04/Dec/2019:12:28:57 +0000] "OPTIONS /user/signin HTTP/1.1" 204 0
::1 - - [04/Dec/2019:12:28:57 +0000] "POST /user/signin HTTP/1.1" 200 179
::1 - - [04/Dec/2019:12:29:21 +0000] "OPTIONS /employee/addEmp HTTP/1.1" 204 0
::1 - - [04/Dec/2019:12:29:21 +0000] "POST /employee/addEmp HTTP/1.1" 200 -
::1 - - [04/Dec/2019:12:31:26 +0000] "OPTIONS /employee/addEmp HTTP/1.1" 204 0
::1 - - [04/Dec/2019:12:31:26 +0000] "POST /employee/addEmp HTTP/1.1" 200 -
::1 - - [04/Dec/2019:12:34:31 +0000] "OPTIONS /user/signin HTTP/1.1" 204 0
::1 - - [04/Dec/2019:12:34:31 +0000] "POST /user/signin HTTP/1.1" 200 179
::1 - - [04/Dec/2019:12:35:19 +0000] "OPTIONS /employee/addEmp HTTP/1.1" 204 0
::1 - - [04/Dec/2019:12:35:19 +0000] "POST /employee/addEmp HTTP/1.1" 200 -
::1 - - [04/Dec/2019:12:35:37 +0000] "GET /employee/searchByEmail?email=ronaldo@gmail.com HTTP/1.1" 200 249
::1 - - [04/Dec/2019:12:35:38 +0000] "GET /employee/searchByEmail?email=ronaldo@gmail.com HTTP/1.1" 304 -
::1 - - [05/Dec/2019:20:59:56 +0000] "OPTIONS /user/signin HTTP/1.1" 204 0
::1 - - [05/Dec/2019:20:59:56 +0000] "POST /user/signin HTTP/1.1" 200 33
::1 - - [05/Dec/2019:21:00:03 +0000] "OPTIONS /user/signin HTTP/1.1" 204 0
::1 - - [05/Dec/2019:21:00:03 +0000] "POST /user/signin HTTP/1.1" 200 179
::1 - - [05/Dec/2019:21:23:05 +0000] "OPTIONS /user/signin HTTP/1.1" 204 0
::1 - - [05/Dec/2019:21:23:05 +0000] "POST /user/signin HTTP/1.1" 200 179
::1 - - [05/Dec/2019:21:23:06 +0000] "POST /user/signin HTTP/1.1" 200 179
::1 - - [06/Dec/2019:16:38:47 +0000] "OPTIONS /user/signin HTTP/1.1" 204 0
::1 - - [06/Dec/2019:16:38:47 +0000] "POST /user/signin HTTP/1.1" 200 179
::1 - - [06/Dec/2019:17:08:33 +0000] "GET /employee/searchByEmail?email=ronaldo@gmail.com HTTP/1.1" 200 249
::1 - - [06/Dec/2019:17:09:31 +0000] "GET /employee/searchByEmail?email=ronaldo@gmail.com HTTP/1.1" 304 -
::1 - - [06/Dec/2019:17:09:41 +0000] "GET /employee/searchByEmail?email=ronaldo@gmail.com HTTP/1.1" 304 -
::1 - - [06/Dec/2019:17:11:12 +0000] "GET /employee/searchByEmail?email=ronaldo@gmail.com HTTP/1.1" 304 -
::1 - - [06/Dec/2019:17:11:23 +0000] "GET /employee/searchByEmail?email=ronaldo@gmail.com HTTP/1.1" 304 -
::1 - - [06/Dec/2019:17:12:09 +0000] "GET /employee/searchByEmail?email=ronaldo@gmail.com HTTP/1.1" 304 -
::1 - - [07/Dec/2019:19:26:24 +0000] "OPTIONS /user/signin HTTP/1.1" 204 0
::1 - - [07/Dec/2019:19:26:25 +0000] "POST /user/signin HTTP/1.1" 200 179
::1 - - [08/Dec/2019:20:21:59 +0000] "OPTIONS /user/signin HTTP/1.1" 204 0
::1 - - [08/Dec/2019:20:22:00 +0000] "POST /user/signin HTTP/1.1" 200 179
::1 - - [09/Dec/2019:10:12:57 +0000] "OPTIONS /user/signin HTTP/1.1" 204 0
::1 - - [09/Dec/2019:10:12:57 +0000] "POST /user/signin HTTP/1.1" 200 179
::1 - - [09/Dec/2019:10:53:13 +0000] "OPTIONS /employee/addEmp HTTP/1.1" 204 0
::1 - - [09/Dec/2019:10:53:13 +0000] "POST /employee/addEmp HTTP/1.1" 200 -
::1 - - [13/Dec/2019:15:45:01 +0000] "POST /user/signin HTTP/1.1" 404 151
::1 - - [13/Dec/2019:15:46:03 +0000] "POST /user/signin HTTP/1.1" 404 151
::1 - - [13/Dec/2019:15:48:12 +0000] "POST /user/signin HTTP/1.1" 404 151
::1 - - [13/Dec/2019:15:49:19 +0000] "GET /user/signin HTTP/1.1" 200 179
::1 - - [15/Dec/2019:12:43:42 +0000] "OPTIONS /user/signin HTTP/1.1" 204 0
::1 - - [15/Dec/2019:12:43:42 +0000] "POST /user/signin HTTP/1.1" 404 151
::1 - - [15/Dec/2019:12:43:44 +0000] "POST /user/signin HTTP/1.1" 404 151
::1 - - [15/Dec/2019:12:43:55 +0000] "OPTIONS /user/signin HTTP/1.1" 204 0
::1 - - [15/Dec/2019:12:43:55 +0000] "POST /user/signin HTTP/1.1" 404 151
::1 - - [15/Dec/2019:12:44:26 +0000] "GET /user/signin HTTP/1.1" 200 30
::1 - - [15/Dec/2019:12:45:16 +0000] "GET /user/signin HTTP/1.1" 304 -
::1 - - [15/Dec/2019:12:45:43 +0000] "GET /user/signin HTTP/1.1" 304 -
::1 - - [15/Dec/2019:12:46:33 +0000] "GET /user/signin HTTP/1.1" 304 -
::1 - - [15/Dec/2019:12:47:51 +0000] "GET /user/signin HTTP/1.1" 304 -
::1 - - [15/Dec/2019:12:48:36 +0000] "GET /user/signin HTTP/1.1" 304 -
::1 - - [15/Dec/2019:13:00:58 +0000] "GET /user/signin HTTP/1.1" 304 -
::1 - - [15/Dec/2019:13:02:08 +0000] "GET /user/signin HTTP/1.1" 500 2023
::1 - - [15/Dec/2019:13:02:35 +0000] "GET /user/signin HTTP/1.1" 200 30
::1 - - [15/Dec/2019:13:03:18 +0000] "GET /user/signin HTTP/1.1" 304 -
::1 - - [15/Dec/2019:13:06:36 +0000] "GET /user/signin HTTP/1.1" 304 -
::1 - - [15/Dec/2019:13:09:09 +0000] "GET /user/signin HTTP/1.1" 304 -
::1 - - [15/Dec/2019:13:11:16 +0000] "GET /user/signin HTTP/1.1" 304 -
::1 - - [15/Dec/2019:13:12:39 +0000] "GET /user/signin HTTP/1.1" 304 -
::1 - - [15/Dec/2019:13:15:19 +0000] "OPTIONS /user/signin HTTP/1.1" 204 0
::1 - - [15/Dec/2019:13:15:19 +0000] "POST /user/signin HTTP/1.1" 200 30
::1 - - [15/Dec/2019:13:35:27 +0000] "OPTIONS /user/signin HTTP/1.1" 204 0
::1 - - [15/Dec/2019:13:36:16 +0000] "OPTIONS /user/signin HTTP/1.1" 204 0
::1 - - [15/Dec/2019:13:36:16 +0000] "POST /user/signin HTTP/1.1" 200 30
::1 - - [15/Dec/2019:17:16:27 +0000] "POST /user/signin HTTP/1.1" 200 30
::ffff:127.0.0.1 - - [15/Dec/2019:17:16:49 +0000] "GET /user/signin HTTP/1.1" 200 30
::1 - - [15/Dec/2019:17:17:10 +0000] "GET /user/signin?email=omneya@gmail.com&password=omneya123 HTTP/1.1" 200 179
::1 - - [15/Dec/2019:17:17:50 +0000] "GET /user/signin?email=omneya@gmail.com&password=omneya123 HTTP/1.1" 200 179
::1 - - [15/Dec/2019:17:18:26 +0000] "GET /user/signin?email=omneya@gmail.com&password=omneya123 HTTP/1.1" 200 179
::1 - - [15/Dec/2019:17:19:41 +0000] "GET /user/signin?email=omneya@gmail.com&password=omneya123 HTTP/1.1" 200 179
::1 - - [15/Dec/2019:17:20:08 +0000] "GET /user/signin?email=omneya@gmail.com&password=omneya123 HTTP/1.1" 200 179
::1 - - [15/Dec/2019:17:20:25 +0000] "GET /user/signin?email=omneya@gmail.com&password=omneya123 HTTP/1.1" 200 179
::1 - - [15/Dec/2019:17:22:42 +0000] "GET /user/signin?email=omneya@gmail.com&password=omneya123 HTTP/1.1" 200 179
::1 - - [15/Dec/2019:17:22:56 +0000] "GET /user/signin?email=omneya@gmail.com&password=omneya123 HTTP/1.1" 200 179
::1 - - [15/Dec/2019:17:23:13 +0000] "GET /user/signin?email=omneya@gmail.com&password=omneya123 HTTP/1.1" 200 179
::1 - - [15/Dec/2019:17:24:11 +0000] "GET /user/signin HTTP/1.1" 200 30
::1 - - [15/Dec/2019:17:26:08 +0000] "GET /user/signin HTTP/1.1" 304 -
::1 - - [15/Dec/2019:17:27:05 +0000] "GET /user/signin HTTP/1.1" 304 -
::1 - - [15/Dec/2019:17:28:08 +0000] "OPTIONS /user/signin HTTP/1.1" 204 0
::1 - - [15/Dec/2019:17:28:08 +0000] "POST /user/signin HTTP/1.1" 200 179
::1 - - [15/Dec/2019:17:28:29 +0000] "GET /employee/searchByEmail?email=pablo@gmail.com HTTP/1.1" 200 239
::1 - - [15/Dec/2019:17:30:08 +0000] "GET /employee/searchByEmail?email=pablo@gmail.com HTTP/1.1" 304 -
::1 - - [15/Dec/2019:17:30:09 +0000] "GET /employee/searchByEmail?email=pablo@gmail.com HTTP/1.1" 304 -
::1 - - [15/Dec/2019:17:44:06 +0000] "GET /employee/searchByGender HTTP/1.1" 200 491
::1 - - [15/Dec/2019:17:45:55 +0000] "GET /employee/searchByGender?gender=female HTTP/1.1" 200 2
::1 - - [15/Dec/2019:17:46:05 +0000] "GET /employee/searchByGender?gender=male HTTP/1.1" 200 491
::1 - - [15/Dec/2019:17:53:17 +0000] "OPTIONS /user/signin HTTP/1.1" 204 0
::1 - - [15/Dec/2019:17:53:17 +0000] "POST /user/signin HTTP/1.1" 200 179
::1 - - [15/Dec/2019:19:03:52 +0000] "OPTIONS /user/signin HTTP/1.1" 204 0
::1 - - [15/Dec/2019:19:03:52 +0000] "POST /user/signin HTTP/1.1" 200 30
::1 - - [15/Dec/2019:19:05:02 +0000] "OPTIONS /user/signin HTTP/1.1" 204 0
::1 - - [15/Dec/2019:19:05:02 +0000] "POST /user/signin HTTP/1.1" 200 30
::1 - - [15/Dec/2019:19:14:53 +0000] "GET /employee/searchByGender?gender=male HTTP/1.1" 200 491
::1 - - [18/Dec/2019:09:51:01 +0000] "OPTIONS /user/signin HTTP/1.1" 204 0
::1 - - [18/Dec/2019:09:51:02 +0000] "POST /user/signin HTTP/1.1" 200 179
::1 - - [18/Dec/2019:14:50:57 +0000] "OPTIONS /user/signin HTTP/1.1" 204 0
::1 - - [18/Dec/2019:14:50:57 +0000] "POST /user/signin HTTP/1.1" 200 179
::ffff:127.0.0.1 - - [20/Jan/2020:10:14:43 +0000] "OPTIONS /user/signup HTTP/1.1" 204 0
::ffff:127.0.0.1 - - [20/Jan/2020:10:14:43 +0000] "POST /user/signup HTTP/1.1" 200 28
::ffff:127.0.0.1 - - [20/Jan/2020:10:15:02 +0000] "OPTIONS /user/signin HTTP/1.1" 204 0
::ffff:127.0.0.1 - - [20/Jan/2020:10:15:03 +0000] "POST /user/signin HTTP/1.1" 200 174
::ffff:127.0.0.1 - - [20/Jan/2020:11:14:18 +0000] "OPTIONS /user/signin HTTP/1.1" 204 0
::ffff:127.0.0.1 - - [20/Jan/2020:11:14:18 +0000] "POST /user/signin HTTP/1.1" 200 174
::ffff:127.0.0.1 - - [20/Jan/2020:11:26:30 +0000] "OPTIONS /user/signin HTTP/1.1" 204 0
::ffff:127.0.0.1 - - [20/Jan/2020:11:26:30 +0000] "POST /user/signin HTTP/1.1" 200 174
::ffff:127.0.0.1 - - [20/Jan/2020:12:54:53 +0000] "OPTIONS /user/signin HTTP/1.1" 204 0
::ffff:127.0.0.1 - - [20/Jan/2020:12:54:53 +0000] "POST /user/signin HTTP/1.1" 200 174
::1 - - [08/Mar/2020:18:55:24 +0000] "OPTIONS /user/signin HTTP/1.1" 204 0
::1 - - [08/Mar/2020:18:55:25 +0000] "POST /user/signin HTTP/1.1" 200 30
::1 - - [08/Mar/2020:18:55:46 +0000] "OPTIONS /user/signin HTTP/1.1" 204 0
::1 - - [08/Mar/2020:18:55:46 +0000] "POST /user/signin HTTP/1.1" 200 33
::1 - - [08/Mar/2020:18:56:23 +0000] "OPTIONS /user/signin HTTP/1.1" 204 0
::1 - - [08/Mar/2020:18:56:23 +0000] "POST /user/signin HTTP/1.1" 200 30
::1 - - [08/Mar/2020:18:57:02 +0000] "OPTIONS /user/signin HTTP/1.1" 204 0
::1 - - [08/Mar/2020:18:57:02 +0000] "POST /user/signin HTTP/1.1" 200 33
::1 - - [08/Mar/2020:18:57:11 +0000] "OPTIONS /user/signin HTTP/1.1" 204 0
::1 - - [08/Mar/2020:18:57:11 +0000] "POST /user/signin HTTP/1.1" 200 33
::1 - - [08/Mar/2020:18:57:19 +0000] "OPTIONS /user/signin HTTP/1.1" 204 0
::1 - - [08/Mar/2020:18:57:19 +0000] "POST /user/signin HTTP/1.1" 200 33
::1 - - [08/Mar/2020:18:57:27 +0000] "OPTIONS /user/signin HTTP/1.1" 204 0
::1 - - [08/Mar/2020:18:57:27 +0000] "POST /user/signin HTTP/1.1" 200 174
::1 - - [08/Mar/2020:18:58:25 +0000] "GET /employee/searchByEmail?email=afifi@gmail.com HTTP/1.1" 200 4
::1 - - [08/Mar/2020:18:58:26 +0000] "GET /employee/searchByEmail?email=afifi@gmail.com HTTP/1.1" 304 -
::1 - - [08/Mar/2020:18:58:39 +0000] "GET /employee/searchByEmail?email=alaa@gmail.com HTTP/1.1" 200 4
::1 - - [08/Mar/2020:18:58:41 +0000] "GET /employee/searchByEmail?email=alaa@gmail.com HTTP/1.1" 304 -
::1 - - [08/Mar/2020:18:58:42 +0000] "GET /employee/searchByEmail?email=alaa@gmail.com HTTP/1.1" 304 -
::1 - - [08/Mar/2020:19:59:50 +0000] "GET /employee/searchByEmail HTTP/1.1" 200 29
::1 - - [08/Mar/2020:20:00:31 +0000] "GET /employee/searchByEmail HTTP/1.1" 200 29
::1 - - [08/Mar/2020:20:01:56 +0000] "GET /employee/searchByEmail HTTP/1.1" 200 29
::1 - - [08/Mar/2020:20:13:04 +0000] "OPTIONS /user/signin HTTP/1.1" 204 0
::1 - - [08/Mar/2020:20:13:05 +0000] "POST /user/signin HTTP/1.1" 200 174
::1 - - [08/Mar/2020:20:18:03 +0000] "OPTIONS /user/signin HTTP/1.1" 204 0
::1 - - [08/Mar/2020:20:18:03 +0000] "POST /user/signin HTTP/1.1" 200 174
::1 - - [08/Mar/2020:20:22:00 +0000] "OPTIONS /user/signin HTTP/1.1" 204 0
::1 - - [08/Mar/2020:20:22:00 +0000] "POST /user/signin HTTP/1.1" 200 174
::1 - - [08/Mar/2020:20:22:51 +0000] "OPTIONS /user/signin HTTP/1.1" 204 0
::1 - - [08/Mar/2020:20:22:51 +0000] "POST /user/signin HTTP/1.1" 200 174
::1 - - [08/Mar/2020:20:26:38 +0000] "OPTIONS /user/signin HTTP/1.1" 204 0
::1 - - [08/Mar/2020:20:26:38 +0000] "POST /user/signin HTTP/1.1" 200 174
::1 - - [09/Mar/2020:02:37:05 +0000] "OPTIONS /user/signin HTTP/1.1" 204 0
::1 - - [09/Mar/2020:02:37:05 +0000] "POST /user/signin HTTP/1.1" 200 174
::1 - - [09/Mar/2020:02:37:24 +0000] "OPTIONS /user/signin HTTP/1.1" 204 0
::1 - - [09/Mar/2020:02:37:24 +0000] "POST /user/signin HTTP/1.1" 200 174
::1 - - [09/Mar/2020:02:37:26 +0000] "POST /user/signin HTTP/1.1" 200 174
::1 - - [09/Mar/2020:02:38:01 +0000] "OPTIONS /user/signin HTTP/1.1" 204 0
::1 - - [09/Mar/2020:02:38:01 +0000] "POST /user/signin HTTP/1.1" 200 174
::1 - - [09/Mar/2020:02:38:10 +0000] "OPTIONS /user/signin HTTP/1.1" 204 0
::1 - - [09/Mar/2020:02:38:10 +0000] "POST /user/signin HTTP/1.1" 200 174
::1 - - [09/Mar/2020:02:38:12 +0000] "POST /user/signin HTTP/1.1" 200 174
::1 - - [09/Mar/2020:02:38:31 +0000] "OPTIONS /user/signin HTTP/1.1" 204 0
::1 - - [09/Mar/2020:02:38:31 +0000] "POST /user/signin HTTP/1.1" 200 174
::1 - - [09/Mar/2020:02:38:33 +0000] "POST /user/signin HTTP/1.1" 200 174
::1 - - [09/Mar/2020:02:38:33 +0000] "POST /user/signin HTTP/1.1" 200 174
::1 - - [09/Mar/2020:02:46:12 +0000] "OPTIONS /user/signin HTTP/1.1" 204 0
::1 - - [09/Mar/2020:02:46:12 +0000] "POST /user/signin HTTP/1.1" 200 174
::1 - - [09/Mar/2020:02:47:17 +0000] "OPTIONS /user/signin HTTP/1.1" 204 0
::1 - - [09/Mar/2020:02:47:17 +0000] "POST /user/signin HTTP/1.1" 200 174
::1 - - [09/Mar/2020:02:47:52 +0000] "OPTIONS /user/signin HTTP/1.1" 204 0
::1 - - [09/Mar/2020:02:47:52 +0000] "POST /user/signin HTTP/1.1" 200 174
::1 - - [09/Mar/2020:02:48:43 +0000] "OPTIONS /user/signin HTTP/1.1" 204 0
::1 - - [09/Mar/2020:02:48:43 +0000] "POST /user/signin HTTP/1.1" 200 174
::1 - - [09/Mar/2020:02:49:19 +0000] "OPTIONS /user/signin HTTP/1.1" 204 0
::1 - - [09/Mar/2020:02:49:20 +0000] "POST /user/signin HTTP/1.1" 200 174
::1 - - [09/Mar/2020:02:50:19 +0000] "OPTIONS /user/signin HTTP/1.1" 204 0
::1 - - [09/Mar/2020:02:50:19 +0000] "POST /user/signin HTTP/1.1" 200 174
::1 - - [09/Mar/2020:02:50:51 +0000] "OPTIONS /user/signin HTTP/1.1" 204 0
::1 - - [09/Mar/2020:02:50:51 +0000] "POST /user/signin HTTP/1.1" 200 174
::1 - - [09/Mar/2020:02:56:45 +0000] "OPTIONS /user/signin HTTP/1.1" 204 0
::1 - - [09/Mar/2020:02:56:45 +0000] "POST /user/signin HTTP/1.1" 200 174
::1 - - [09/Mar/2020:02:57:58 +0000] "OPTIONS /user/signin HTTP/1.1" 204 0
::1 - - [09/Mar/2020:02:57:59 +0000] "POST /user/signin HTTP/1.1" 200 174
::1 - - [09/Mar/2020:02:58:16 +0000] "OPTIONS /user/signin HTTP/1.1" 204 0
::1 - - [09/Mar/2020:02:58:16 +0000] "POST /user/signin HTTP/1.1" 200 174
::1 - - [09/Mar/2020:02:58:43 +0000] "OPTIONS /user/signin HTTP/1.1" 204 0
::1 - - [09/Mar/2020:02:58:43 +0000] "POST /user/signin HTTP/1.1" 200 174
::1 - - [09/Mar/2020:03:04:31 +0000] "OPTIONS /user/signin HTTP/1.1" 204 0
::1 - - [09/Mar/2020:03:04:31 +0000] "POST /user/signin HTTP/1.1" 200 174
::1 - - [09/Mar/2020:03:07:25 +0000] "OPTIONS /user/signin HTTP/1.1" 204 0
::1 - - [09/Mar/2020:03:07:25 +0000] "POST /user/signin HTTP/1.1" 200 174
::1 - - [09/Mar/2020:03:12:11 +0000] "OPTIONS /user/signin HTTP/1.1" 204 0
::1 - - [09/Mar/2020:03:12:11 +0000] "POST /user/signin HTTP/1.1" 200 174
::1 - - [09/Mar/2020:03:12:55 +0000] "OPTIONS /user/signin HTTP/1.1" 204 0
::1 - - [09/Mar/2020:03:12:55 +0000] "POST /user/signin HTTP/1.1" 200 174
::1 - - [09/Mar/2020:03:15:37 +0000] "OPTIONS /user/signin HTTP/1.1" 204 0
::1 - - [09/Mar/2020:03:15:37 +0000] "POST /user/signin HTTP/1.1" 200 174
::1 - - [09/Mar/2020:03:18:11 +0000] "OPTIONS /user/signin HTTP/1.1" 204 0
::1 - - [09/Mar/2020:03:18:11 +0000] "POST /user/signin HTTP/1.1" 200 33
::1 - - [09/Mar/2020:03:18:16 +0000] "OPTIONS /user/signin HTTP/1.1" 204 0
::1 - - [09/Mar/2020:03:18:16 +0000] "POST /user/signin HTTP/1.1" 200 33
::1 - - [09/Mar/2020:03:18:20 +0000] "POST /user/signin HTTP/1.1" 200 174
::1 - - [09/Mar/2020:03:18:49 +0000] "OPTIONS /user/signin HTTP/1.1" 204 0
::1 - - [09/Mar/2020:03:18:49 +0000] "POST /user/signin HTTP/1.1" 200 174
::1 - - [09/Mar/2020:03:20:11 +0000] "OPTIONS /user/signin HTTP/1.1" 204 0
::1 - - [09/Mar/2020:03:20:11 +0000] "POST /user/signin HTTP/1.1" 200 174
::1 - - [09/Mar/2020:03:20:49 +0000] "OPTIONS /user/signin HTTP/1.1" 204 0
::1 - - [09/Mar/2020:03:20:50 +0000] "POST /user/signin HTTP/1.1" 200 174
::1 - - [09/Mar/2020:03:22:35 +0000] "OPTIONS /user/signin HTTP/1.1" 204 0
::1 - - [09/Mar/2020:03:22:35 +0000] "POST /user/signin HTTP/1.1" 200 174
::1 - - [09/Mar/2020:03:24:14 +0000] "OPTIONS /user/signin HTTP/1.1" 204 0
::1 - - [09/Mar/2020:03:24:14 +0000] "POST /user/signin HTTP/1.1" 200 33
::1 - - [09/Mar/2020:03:24:19 +0000] "POST /user/signin HTTP/1.1" 200 174
::1 - - [09/Mar/2020:03:24:41 +0000] "OPTIONS /user/signin HTTP/1.1" 204 0
::1 - - [09/Mar/2020:03:24:41 +0000] "POST /user/signin HTTP/1.1" 200 174
::1 - - [09/Mar/2020:03:27:56 +0000] "OPTIONS /user/signin HTTP/1.1" 204 0
::1 - - [09/Mar/2020:03:27:56 +0000] "POST /user/signin HTTP/1.1" 200 174
::1 - - [13/Apr/2020:17:37:35 +0000] "OPTIONS /user/signin HTTP/1.1" 204 0
::1 - - [13/Apr/2020:17:37:35 +0000] "POST /user/signin HTTP/1.1" 200 33
::1 - - [13/Apr/2020:17:37:44 +0000] "OPTIONS /user/signin HTTP/1.1" 204 0
::1 - - [13/Apr/2020:17:37:45 +0000] "POST /user/signin HTTP/1.1" 200 33
::1 - - [13/Apr/2020:17:37:52 +0000] "OPTIONS /user/signin HTTP/1.1" 204 0
::1 - - [13/Apr/2020:17:37:52 +0000] "POST /user/signin HTTP/1.1" 200 33
::1 - - [13/Apr/2020:17:37:59 +0000] "OPTIONS /user/signin HTTP/1.1" 204 0
::1 - - [13/Apr/2020:17:37:59 +0000] "POST /user/signin HTTP/1.1" 200 174
::1 - - [19/Apr/2020:12:54:44 +0000] "GET / HTTP/1.1" 404 139
::1 - - [19/Apr/2020:12:58:58 +0000] "OPTIONS /user/signin HTTP/1.1" 204 0
::ffff:127.0.0.1 - - [19/Apr/2020:12:59:09 +0000] "OPTIONS /user/signin HTTP/1.1" 204 0
::ffff:127.0.0.1 - - [19/Apr/2020:12:59:09 +0000] "POST /user/signin HTTP/1.1" 200 33
::1 - - [19/Apr/2020:12:59:09 +0000] "POST /user/signin HTTP/1.1" 200 33
::1 - - [19/Apr/2020:12:59:20 +0000] "OPTIONS /user/signin HTTP/1.1" 204 0
::1 - - [19/Apr/2020:12:59:20 +0000] "POST /user/signin HTTP/1.1" 200 33
::1 - - [19/Apr/2020:12:59:27 +0000] "OPTIONS /user/signin HTTP/1.1" 204 0
::1 - - [19/Apr/2020:12:59:27 +0000] "POST /user/signin HTTP/1.1" 200 33
::1 - - [19/Apr/2020:12:59:37 +0000] "OPTIONS /user/signin HTTP/1.1" 204 0
::1 - - [19/Apr/2020:12:59:37 +0000] "POST /user/signin HTTP/1.1" 200 33
::1 - - [19/Apr/2020:12:59:49 +0000] "OPTIONS /user/signin HTTP/1.1" 204 0
::1 - - [19/Apr/2020:12:59:49 +0000] "POST /user/signin HTTP/1.1" 200 174
::1 - - [19/Apr/2020:13:53:07 +0000] "GET /employee/searchByEmail?email=afifi@gmail.com HTTP/1.1" 200 21
::1 - - [19/Apr/2020:13:53:14 +0000] "GET /employee/searchByEmail?email=afifi@asd.com HTTP/1.1" 200 21
::1 - - [19/Apr/2020:13:53:15 +0000] "GET /employee/searchByEmail?email=afifi@asd.com HTTP/1.1" 304 -
::1 - - [19/Apr/2020:13:53:15 +0000] "GET /employee/searchByEmail?email=afifi@asd.com HTTP/1.1" 304 -
::1 - - [19/Apr/2020:13:53:15 +0000] "GET /employee/searchByEmail?email=afifi@asd.com HTTP/1.1" 304 -
::1 - - [19/Apr/2020:13:53:15 +0000] "GET /employee/searchByEmail?email=afifi@asd.com HTTP/1.1" 304 -
::1 - - [19/Apr/2020:13:53:22 +0000] "GET /employee/searchByEmail?email=afifi@asd.com HTTP/1.1" 304 -
::1 - - [19/Apr/2020:13:53:40 +0000] "GET /employee/searchByEmail?email=afifi@gmail.com HTTP/1.1" 304 -
::1 - - [19/Apr/2020:13:54:24 +0000] "GET /employee/searchByEmail?email=alaa@gmail.com HTTP/1.1" 200 21
::1 - - [19/Apr/2020:13:58:01 +0000] "GET /employee/searchByEmail?email=alaa@gmail.com HTTP/1.1" 304 -
::1 - - [19/Apr/2020:13:59:17 +0000] "GET /employee/searchByEmail?email=alaa@gmail.com HTTP/1.1" 304 -
::1 - - [19/Apr/2020:13:59:17 +0000] "GET /employee/searchByEmail?email=afifi@gmail.com HTTP/1.1" 304 -
::1 - - [19/Apr/2020:13:59:17 +0000] "GET /employee/searchByEmail?email=alaa@gmail.com HTTP/1.1" 200 21
::1 - - [19/Apr/2020:13:59:17 +0000] "GET /employee/searchByEmail?email=alaa@gmail.com HTTP/1.1" 200 21
::1 - - [19/Apr/2020:13:59:17 +0000] "GET /employee/searchByEmail?email=alaa@gmail.com HTTP/1.1" 200 21
::1 - - [19/Apr/2020:13:59:17 +0000] "GET /employee/searchByEmail?email=alaa@gmail.com HTTP/1.1" 200 21
::1 - - [19/Apr/2020:13:59:17 +0000] "GET /employee/searchByEmail?email=alaa@gmail.com HTTP/1.1" 200 21
::1 - - [19/Apr/2020:13:59:17 +0000] "GET /employee/searchByEmail?email=afifi@gmail.com HTTP/1.1" 200 21
::1 - - [19/Apr/2020:13:59:25 +0000] "GET /employee/searchByEmail?email=afifi@gmail.com HTTP/1.1" 304 -
::1 - - [19/Apr/2020:14:00:00 +0000] "GET /employee/searchByEmail?email=alaa@gmail.com HTTP/1.1" 200 21
::1 - - [19/Apr/2020:14:00:22 +0000] "GET /employee/searchByEmail?email=alaa@gmail.com HTTP/1.1" 304 -
::1 - - [19/Apr/2020:14:01:49 +0000] "GET /employee/searchByEmail?email=alaa@gmail.com HTTP/1.1" 304 -
::1 - - [19/Apr/2020:14:01:54 +0000] "GET /employee/searchByEmail?email=alaa@gmail.com HTTP/1.1" 304 -
::1 - - [19/Apr/2020:14:02:44 +0000] "GET /employee/searchByEmail?email=alaa@gmail.com HTTP/1.1" 304 -
::1 - - [19/Apr/2020:14:05:16 +0000] "GET /employee/searchByEmail?email=alaa@gmail.com HTTP/1.1" 200 32
::1 - - [19/Apr/2020:14:05:57 +0000] "GET /employee/searchByEmail?email=alaa@gmail.com HTTP/1.1" 304 -
::1 - - [19/Apr/2020:14:41:47 +0000] "OPTIONS /user/signin HTTP/1.1" 204 0
::1 - - [19/Apr/2020:14:41:47 +0000] "POST /user/signin HTTP/1.1" 200 174
::1 - - [19/Apr/2020:14:42:00 +0000] "GET /employee/searchByEmail?email=alaa@gmail.com HTTP/1.1" 304 -
::1 - - [19/Apr/2020:16:15:59 +0000] "OPTIONS /user/signin HTTP/1.1" 204 0
::1 - - [19/Apr/2020:16:15:59 +0000] "POST /user/signin HTTP/1.1" 200 174
::1 - - [19/Apr/2020:16:16:09 +0000] "OPTIONS /employee/searchByEmail?email=alaa@gmail.com HTTP/1.1" 204 0
::1 - - [19/Apr/2020:16:16:09 +0000] "GET /employee/searchByEmail?email=alaa@gmail.com HTTP/1.1" 304 -
::1 - - [19/Apr/2020:16:18:44 +0000] "OPTIONS /user/signin HTTP/1.1" 204 0
::1 - - [19/Apr/2020:16:18:44 +0000] "POST /user/signin HTTP/1.1" 200 174
::1 - - [19/Apr/2020:16:18:54 +0000] "OPTIONS /employee/searchByEmail?email=alaa@gmail.com HTTP/1.1" 204 0
::1 - - [19/Apr/2020:16:18:54 +0000] "GET /employee/searchByEmail?email=alaa@gmail.com HTTP/1.1" 304 -
::1 - - [19/Apr/2020:16:19:40 +0000] "OPTIONS /user/signin HTTP/1.1" 204 0
::1 - - [19/Apr/2020:16:19:40 +0000] "POST /user/signin HTTP/1.1" 200 174
::1 - - [19/Apr/2020:16:19:57 +0000] "OPTIONS /employee/searchByEmail?email=alaa@gmail.com HTTP/1.1" 204 0
::1 - - [19/Apr/2020:16:19:57 +0000] "GET /employee/searchByEmail?email=alaa@gmail.com HTTP/1.1" 304 -
::1 - - [19/Apr/2020:16:20:58 +0000] "OPTIONS /user/signin HTTP/1.1" 204 0
::1 - - [19/Apr/2020:16:20:58 +0000] "POST /user/signin HTTP/1.1" 200 174
::1 - - [19/Apr/2020:16:21:04 +0000] "OPTIONS /employee/searchByEmail?email=alaa@gmail.com HTTP/1.1" 204 0
::1 - - [19/Apr/2020:16:21:04 +0000] "GET /employee/searchByEmail?email=alaa@gmail.com HTTP/1.1" 304 -
::1 - - [19/Apr/2020:16:27:37 +0000] "OPTIONS /user/signin HTTP/1.1" 204 0
::1 - - [19/Apr/2020:16:27:37 +0000] "POST /user/signin HTTP/1.1" 200 174
::1 - - [19/Apr/2020:16:27:45 +0000] "OPTIONS /employee/searchByEmail?email=alaa@gmail.com HTTP/1.1" 204 0
::1 - - [19/Apr/2020:16:27:45 +0000] "GET /employee/searchByEmail?email=alaa@gmail.com HTTP/1.1" 304 -
::1 - - [19/Apr/2020:16:30:13 +0000] "OPTIONS /user/signin HTTP/1.1" 204 0
::1 - - [19/Apr/2020:16:30:14 +0000] "POST /user/signin HTTP/1.1" 200 174
::1 - - [19/Apr/2020:16:30:22 +0000] "OPTIONS /employee/searchByEmail?email=alaa@gmail.com HTTP/1.1" 204 0
::1 - - [19/Apr/2020:16:30:22 +0000] "GET /employee/searchByEmail?email=alaa@gmail.com HTTP/1.1" 304 -
::1 - - [19/Apr/2020:16:31:22 +0000] "OPTIONS /user/signin HTTP/1.1" 204 0
::1 - - [19/Apr/2020:16:31:22 +0000] "POST /user/signin HTTP/1.1" 200 174
::1 - - [19/Apr/2020:16:31:33 +0000] "OPTIONS /employee/searchByEmail?email=alaa@gmail.com HTTP/1.1" 204 0
::1 - - [19/Apr/2020:16:31:33 +0000] "GET /employee/searchByEmail?email=alaa@gmail.com HTTP/1.1" 304 -
::1 - - [19/Apr/2020:16:33:12 +0000] "OPTIONS /user/signin HTTP/1.1" 204 0
::1 - - [19/Apr/2020:16:33:12 +0000] "POST /user/signin HTTP/1.1" 200 174
::1 - - [19/Apr/2020:16:33:18 +0000] "OPTIONS /employee/searchByEmail?email=alaa@gmail.com HTTP/1.1" 204 0
::1 - - [19/Apr/2020:16:33:18 +0000] "GET /employee/searchByEmail?email=alaa@gmail.com HTTP/1.1" 200 4
::1 - - [19/Apr/2020:16:34:11 +0000] "OPTIONS /employee/searchByEmail?email=alaa@gmail.com HTTP/1.1" 204 0
::1 - - [19/Apr/2020:16:34:11 +0000] "GET /employee/searchByEmail?email=alaa@gmail.com HTTP/1.1" 304 -
::1 - - [19/Apr/2020:16:34:27 +0000] "OPTIONS /employee/searchByEmail?email=afifi@gmail.com HTTP/1.1" 204 0
::1 - - [19/Apr/2020:16:34:27 +0000] "GET /employee/searchByEmail?email=afifi@gmail.com HTTP/1.1" 200 4
::1 - - [19/Apr/2020:16:34:34 +0000] "OPTIONS /employee/searchByEmail?email=omneya@gmail.com HTTP/1.1" 204 0
::1 - - [19/Apr/2020:16:34:34 +0000] "GET /employee/searchByEmail?email=omneya@gmail.com HTTP/1.1" 200 4
::1 - - [19/Apr/2020:16:35:44 +0000] "OPTIONS /employee/searchByEmail?email=omneya@gmail.com HTTP/1.1" 204 0
::1 - - [19/Apr/2020:16:35:44 +0000] "GET /employee/searchByEmail?email=omneya@gmail.com HTTP/1.1" 304 -
::1 - - [19/Apr/2020:19:20:27 +0000] "OPTIONS /user/signin HTTP/1.1" 204 0
::1 - - [19/Apr/2020:19:20:27 +0000] "POST /user/signin HTTP/1.1" 200 174
::1 - - [19/Apr/2020:19:20:34 +0000] "OPTIONS /employee/searchByEmail?email=alaa@gmail.com HTTP/1.1" 204 0
::1 - - [19/Apr/2020:19:20:34 +0000] "GET /employee/searchByEmail?email=alaa@gmail.com HTTP/1.1" 304 -
::1 - - [19/Apr/2020:19:21:59 +0000] "OPTIONS /employee/searchByEmail?email=alaa@gmail.com HTTP/1.1" 204 0
::1 - - [19/Apr/2020:19:21:59 +0000] "GET /employee/searchByEmail?email=alaa@gmail.com HTTP/1.1" 304 -
::1 - - [19/Apr/2020:19:23:25 +0000] "OPTIONS /employee/searchByEmail?email=alaa@gmail.com HTTP/1.1" 204 0
::1 - - [19/Apr/2020:19:23:25 +0000] "GET /employee/searchByEmail?email=alaa@gmail.com HTTP/1.1" 304 -
::1 - - [19/Apr/2020:19:27:06 +0000] "OPTIONS /employee/searchByEmail?email=alaa@gmail.com HTTP/1.1" 204 0
::1 - - [19/Apr/2020:19:28:07 +0000] "OPTIONS /employee/searchByEmail?email=afifi@gmail.com HTTP/1.1" 204 0
::1 - - [19/Apr/2020:19:28:07 +0000] "GET /employee/searchByEmail?email=afifi@gmail.com HTTP/1.1" 200 43
::1 - - [19/Apr/2020:19:31:49 +0000] "OPTIONS /employee/searchByEmail?email=asdadasdasd HTTP/1.1" 204 0
::1 - - [19/Apr/2020:19:31:49 +0000] "GET /employee/searchByEmail?email=asdadasdasd HTTP/1.1" 200 43
::1 - - [19/Apr/2020:19:32:02 +0000] "OPTIONS /employee/searchByEmail?email=afifi@gmail.com HTTP/1.1" 204 0
::1 - - [19/Apr/2020:19:32:02 +0000] "GET /employee/searchByEmail?email=afifi@gmail.com HTTP/1.1" 304 -
::1 - - [19/Apr/2020:19:32:46 +0000] "OPTIONS /employee/searchByEmail?email=afifi@gmail.com HTTP/1.1" 204 0
::1 - - [19/Apr/2020:19:32:46 +0000] "GET /employee/searchByEmail?email=afifi@gmail.com HTTP/1.1" 304 -
::1 - - [19/Apr/2020:19:33:43 +0000] "OPTIONS /employee/searchByEmail?email=omneya@gmail.com HTTP/1.1" 204 0
::1 - - [19/Apr/2020:19:33:43 +0000] "GET /employee/searchByEmail?email=omneya@gmail.com HTTP/1.1" 200 43
::1 - - [19/Apr/2020:19:34:05 +0000] "OPTIONS /employee/searchByEmail?email=omneya@gmail.com HTTP/1.1" 204 0
::1 - - [19/Apr/2020:19:34:05 +0000] "GET /employee/searchByEmail?email=omneya@gmail.com HTTP/1.1" 304 -
::1 - - [19/Apr/2020:19:34:51 +0000] "OPTIONS /employee/searchByEmail?email=alaa@gmail.com HTTP/1.1" 204 0
::1 - - [19/Apr/2020:19:34:51 +0000] "GET /employee/searchByEmail?email=alaa@gmail.com HTTP/1.1" 304 -
::1 - - [19/Apr/2020:19:37:17 +0000] "OPTIONS /employee/addEmp HTTP/1.1" 204 0
::1 - - [19/Apr/2020:19:37:18 +0000] "POST /employee/addEmp HTTP/1.1" 200 -
::1 - - [19/Apr/2020:19:37:36 +0000] "OPTIONS /employee/searchByEmail?email=alaa@gmail.com HTTP/1.1" 204 0
::1 - - [19/Apr/2020:19:37:36 +0000] "GET /employee/searchByEmail?email=alaa@gmail.com HTTP/1.1" 304 -
::1 - - [19/Apr/2020:19:41:03 +0000] "OPTIONS /employee/searchByEmail?email=lebron@gmail.com HTTP/1.1" 204 0
::1 - - [19/Apr/2020:19:41:03 +0000] "GET /employee/searchByEmail?email=lebron@gmail.com HTTP/1.1" 200 249
::1 - - [19/Apr/2020:19:41:14 +0000] "OPTIONS /employee/searchByEmail?email=fofa@gmail.com HTTP/1.1" 204 0
::1 - - [19/Apr/2020:19:41:14 +0000] "GET /employee/searchByEmail?email=fofa@gmail.com HTTP/1.1" 200 43
::1 - - [19/Apr/2020:19:41:27 +0000] "OPTIONS /employee/searchByEmail?email=fofa@gmail.com HTTP/1.1" 204 0
::1 - - [19/Apr/2020:19:41:27 +0000] "GET /employee/searchByEmail?email=fofa@gmail.com HTTP/1.1" 304 -
::1 - - [19/Apr/2020:19:42:00 +0000] "OPTIONS /employee/searchByEmail?email=lebron@gmail.com HTTP/1.1" 204 0
::1 - - [19/Apr/2020:19:42:00 +0000] "GET /employee/searchByEmail?email=lebron@gmail.com HTTP/1.1" 304 -
::1 - - [19/Apr/2020:19:42:02 +0000] "OPTIONS /employee/searchByEmail?email=lebron@gmail.asd HTTP/1.1" 204 0
::1 - - [19/Apr/2020:19:42:02 +0000] "GET /employee/searchByEmail?email=lebron@gmail.asd HTTP/1.1" 200 43
::1 - - [19/Apr/2020:19:42:45 +0000] "OPTIONS /employee/searchByEmail?email=afifi@gmail.com HTTP/1.1" 204 0
::1 - - [19/Apr/2020:19:42:45 +0000] "GET /employee/searchByEmail?email=afifi@gmail.com HTTP/1.1" 304 -
::1 - - [19/Apr/2020:19:42:50 +0000] "OPTIONS /employee/searchByEmail?email=lebron@gmail.com HTTP/1.1" 204 0
::1 - - [19/Apr/2020:19:42:50 +0000] "GET /employee/searchByEmail?email=lebron@gmail.com HTTP/1.1" 304 -
::1 - - [19/Apr/2020:19:43:24 +0000] "OPTIONS /employee/searchByEmail?email=lebron@gmail.com HTTP/1.1" 204 0
::1 - - [19/Apr/2020:19:43:24 +0000] "GET /employee/searchByEmail?email=lebron@gmail.com HTTP/1.1" 304 -
::1 - - [19/Apr/2020:19:43:43 +0000] "OPTIONS /employee/searchByEmail?email=lebron@gmail.com HTTP/1.1" 204 0
::1 - - [19/Apr/2020:19:43:43 +0000] "GET /employee/searchByEmail?email=lebron@gmail.com HTTP/1.1" 304 -
::1 - - [19/Apr/2020:19:45:26 +0000] "OPTIONS /employee/searchByEmail?email=lebron@gmail.com HTTP/1.1" 204 0
::1 - - [19/Apr/2020:19:45:26 +0000] "GET /employee/searchByEmail?email=lebron@gmail.com HTTP/1.1" 304 -
::1 - - [19/Apr/2020:19:45:44 +0000] "OPTIONS /employee/searchByEmail?email=alaa@gmail.com HTTP/1.1" 204 0
::1 - - [19/Apr/2020:19:45:44 +0000] "GET /employee/searchByEmail?email=alaa@gmail.com HTTP/1.1" 304 -
::1 - - [19/Apr/2020:19:45:54 +0000] "OPTIONS /employee/searchByEmail?email=lebron@gmail.com HTTP/1.1" 204 0
::1 - - [19/Apr/2020:19:45:54 +0000] "GET /employee/searchByEmail?email=lebron@gmail.com HTTP/1.1" 304 -
::1 - - [19/Apr/2020:19:54:14 +0000] "OPTIONS /employee/searchByEmail?email=lebron@gmail.com HTTP/1.1" 204 0
::1 - - [19/Apr/2020:19:54:14 +0000] "GET /employee/searchByEmail?email=lebron@gmail.com HTTP/1.1" 304 -
::1 - - [19/Apr/2020:19:55:19 +0000] "OPTIONS /employee/searchByEmail?email=alaa@gmail.com HTTP/1.1" 204 0
::1 - - [19/Apr/2020:19:55:19 +0000] "GET /employee/searchByEmail?email=alaa@gmail.com HTTP/1.1" 304 -
::1 - - [19/Apr/2020:19:56:34 +0000] "OPTIONS /employee/searchByEmail?email=afifi@gmail.com HTTP/1.1" 204 0
::1 - - [19/Apr/2020:19:56:34 +0000] "GET /employee/searchByEmail?email=afifi@gmail.com HTTP/1.1" 304 -
::1 - - [19/Apr/2020:19:56:46 +0000] "OPTIONS /employee/searchByEmail?email=lebron@gmail.com HTTP/1.1" 204 0
::1 - - [19/Apr/2020:19:56:46 +0000] "GET /employee/searchByEmail?email=lebron@gmail.com HTTP/1.1" 304 -
::1 - - [19/Apr/2020:19:57:05 +0000] "OPTIONS /employee/searchByEmail?email=lebron@gmail.com HTTP/1.1" 204 0
::1 - - [19/Apr/2020:19:57:05 +0000] "GET /employee/searchByEmail?email=lebron@gmail.com HTTP/1.1" 304 -
::1 - - [19/Apr/2020:19:57:09 +0000] "OPTIONS /employee/searchByEmail?email=sadasd HTTP/1.1" 204 0
::1 - - [19/Apr/2020:19:57:09 +0000] "GET /employee/searchByEmail?email=sadasd HTTP/1.1" 200 43
::1 - - [19/Apr/2020:19:57:53 +0000] "OPTIONS /employee/searchByEmail?email=lebron@gmail.com HTTP/1.1" 204 0
::1 - - [19/Apr/2020:19:57:53 +0000] "GET /employee/searchByEmail?email=lebron@gmail.com HTTP/1.1" 304 -
::1 - - [19/Apr/2020:19:58:21 +0000] "OPTIONS /employee/searchByEmail?email=lebron@gmail.com HTTP/1.1" 204 0
::1 - - [19/Apr/2020:19:58:21 +0000] "GET /employee/searchByEmail?email=lebron@gmail.com HTTP/1.1" 304 -
::1 - - [19/Apr/2020:19:58:39 +0000] "OPTIONS /employee/searchByEmail?email=lebron@gmail.com HTTP/1.1" 204 0
::1 - - [19/Apr/2020:19:58:39 +0000] "GET /employee/searchByEmail?email=lebron@gmail.com HTTP/1.1" 304 -
::1 - - [19/Apr/2020:19:59:52 +0000] "OPTIONS /employee/searchByEmail?email=lebron@gmail.com HTTP/1.1" 204 0
::1 - - [19/Apr/2020:19:59:52 +0000] "GET /employee/searchByEmail?email=lebron@gmail.com HTTP/1.1" 304 -
::1 - - [19/Apr/2020:20:00:46 +0000] "OPTIONS /employee/searchByEmail?email=lebron@gmail.com HTTP/1.1" 204 0
::1 - - [19/Apr/2020:20:00:46 +0000] "GET /employee/searchByEmail?email=lebron@gmail.com HTTP/1.1" 304 -
::1 - - [19/Apr/2020:20:01:03 +0000] "OPTIONS /employee/searchByEmail?email=lebron@gmail.com HTTP/1.1" 204 0
::1 - - [19/Apr/2020:20:01:03 +0000] "GET /employee/searchByEmail?email=lebron@gmail.com HTTP/1.1" 304 -
::1 - - [25/Apr/2020:18:00:49 +0000] "OPTIONS /user/signin HTTP/1.1" 204 0
::1 - - [25/Apr/2020:18:00:50 +0000] "POST /user/signin HTTP/1.1" 200 174
::1 - - [25/Apr/2020:18:24:43 +0000] "OPTIONS /knowledge/createKnowledge HTTP/1.1" 204 0
::1 - - [25/Apr/2020:18:24:43 +0000] "POST /knowledge/createKnowledge HTTP/1.1" 500 2277
::1 - - [25/Apr/2020:18:25:10 +0000] "OPTIONS /knowledge/createKnowledge HTTP/1.1" 204 0
::1 - - [25/Apr/2020:18:26:00 +0000] "OPTIONS /knowledge/createKnowledge HTTP/1.1" 204 0
::1 - - [25/Apr/2020:18:27:58 +0000] "OPTIONS /knowledge/createKnowledge HTTP/1.1" 204 0
::1 - - [25/Apr/2020:18:27:58 +0000] "POST /knowledge/createKnowledge HTTP/1.1" 200 31
::1 - - [25/Apr/2020:18:40:37 +0000] "OPTIONS /knowledge/createKnowledge HTTP/1.1" 204 0
::1 - - [25/Apr/2020:18:40:37 +0000] "POST /knowledge/createKnowledge HTTP/1.1" 200 31
::1 - - [25/Apr/2020:18:43:17 +0000] "OPTIONS /knowledge/createKnowledge HTTP/1.1" 204 0
::1 - - [25/Apr/2020:18:43:17 +0000] "POST /knowledge/createKnowledge HTTP/1.1" 200 31
::1 - - [25/Apr/2020:18:43:44 +0000] "OPTIONS /knowledge/createKnowledge HTTP/1.1" 204 0
::1 - - [25/Apr/2020:18:43:44 +0000] "POST /knowledge/createKnowledge HTTP/1.1" 200 31
::1 - - [25/Apr/2020:18:44:36 +0000] "OPTIONS /knowledge/createKnowledge HTTP/1.1" 204 0
::1 - - [25/Apr/2020:18:44:36 +0000] "POST /knowledge/createKnowledge HTTP/1.1" 200 31
::1 - - [07/May/2020:18:46:15 +0000] "OPTIONS /employee/searchByGender?gender=male HTTP/1.1" 204 0
::1 - - [07/May/2020:18:46:15 +0000] "GET /employee/searchByGender?gender=male HTTP/1.1" 200 2
::1 - - [07/May/2020:18:47:12 +0000] "OPTIONS /employee/searchByGender?gender=male HTTP/1.1" 204 0
::1 - - [07/May/2020:18:47:12 +0000] "GET /employee/searchByGender?gender=male HTTP/1.1" 304 -
::1 - - [07/May/2020:18:48:29 +0000] "OPTIONS /employee/searchByGender?gender=male HTTP/1.1" 204 0
::1 - - [07/May/2020:18:48:29 +0000] "GET /employee/searchByGender?gender=male HTTP/1.1" 304 -
::1 - - [07/May/2020:18:50:19 +0000] "OPTIONS /employee/searchByGender?gender=male HTTP/1.1" 204 0
::1 - - [07/May/2020:18:50:19 +0000] "GET /employee/searchByGender?gender=male HTTP/1.1" 304 -
::1 - - [07/May/2020:18:50:55 +0000] "OPTIONS /employee/searchByGender?gender=male HTTP/1.1" 204 0
::1 - - [07/May/2020:18:50:55 +0000] "GET /employee/searchByGender?gender=male HTTP/1.1" 304 -
::1 - - [07/May/2020:18:52:29 +0000] "OPTIONS /employee/searchByGender?gender=male HTTP/1.1" 204 0
::1 - - [07/May/2020:18:52:29 +0000] "GET /employee/searchByGender?gender=male HTTP/1.1" 304 -
::1 - - [07/May/2020:18:53:20 +0000] "OPTIONS /employee/searchByGender?gender=male HTTP/1.1" 204 0
::1 - - [07/May/2020:18:53:20 +0000] "GET /employee/searchByGender?gender=male HTTP/1.1" 304 -
::1 - - [07/May/2020:18:53:59 +0000] "OPTIONS /employee/searchByGender?gender=Male HTTP/1.1" 204 0
::1 - - [07/May/2020:18:53:59 +0000] "GET /employee/searchByGender?gender=Male HTTP/1.1" 200 109717
::1 - - [07/May/2020:18:54:47 +0000] "OPTIONS /employee/searchByGender?gender=Male HTTP/1.1" 204 0
::1 - - [07/May/2020:18:54:47 +0000] "GET /employee/searchByGender?gender=Male HTTP/1.1" 304 -
::1 - - [07/May/2020:18:55:17 +0000] "OPTIONS /employee/searchByGender?gender=male HTTP/1.1" 204 0
::1 - - [07/May/2020:18:55:17 +0000] "GET /employee/searchByGender?gender=male HTTP/1.1" 200 109717
::1 - - [07/May/2020:18:57:18 +0000] "OPTIONS /employee/searchByGender?gender=male HTTP/1.1" 204 0
::1 - - [07/May/2020:18:57:18 +0000] "GET /employee/searchByGender?gender=male HTTP/1.1" 304 -
::1 - - [07/May/2020:18:58:21 +0000] "OPTIONS /employee/searchByGender?gender=Male HTTP/1.1" 204 0
::1 - - [07/May/2020:18:58:21 +0000] "GET /employee/searchByGender?gender=Male HTTP/1.1" 304 -
::1 - - [07/May/2020:20:30:30 +0000] "OPTIONS /employee/searchByGender?gender=male HTTP/1.1" 204 0
::1 - - [07/May/2020:20:30:30 +0000] "GET /employee/searchByGender?gender=male HTTP/1.1" 304 -
::1 - - [07/May/2020:20:30:56 +0000] "OPTIONS /employee/searchByGender?gender=male HTTP/1.1" 204 0
::1 - - [07/May/2020:20:30:56 +0000] "GET /employee/searchByGender?gender=male HTTP/1.1" 304 -
::1 - - [07/May/2020:20:31:28 +0000] "OPTIONS /employee/searchByGender?gender=Male HTTP/1.1" 204 0
::1 - - [07/May/2020:20:31:28 +0000] "GET /employee/searchByGender?gender=Male HTTP/1.1" 304 -
::1 - - [07/May/2020:20:32:10 +0000] "OPTIONS /employee/searchByGender?gender=Male HTTP/1.1" 204 0
::1 - - [07/May/2020:20:32:10 +0000] "GET /employee/searchByGender?gender=Male HTTP/1.1" 304 -
::1 - - [07/May/2020:20:32:31 +0000] "OPTIONS /employee/searchByGender?gender=Male HTTP/1.1" 204 0
::1 - - [07/May/2020:20:32:31 +0000] "GET /employee/searchByGender?gender=Male HTTP/1.1" 304 -
::1 - - [07/May/2020:20:33:19 +0000] "OPTIONS /employee/searchByGender?gender=Male HTTP/1.1" 204 0
::1 - - [07/May/2020:20:33:19 +0000] "GET /employee/searchByGender?gender=Male HTTP/1.1" 304 -
::1 - - [07/May/2020:20:34:20 +0000] "OPTIONS /employee/searchByGender?gender=Male HTTP/1.1" 204 0
::1 - - [07/May/2020:20:34:42 +0000] "OPTIONS /employee/searchByGender?gender=Male HTTP/1.1" 204 0
::1 - - [07/May/2020:20:34:51 +0000] "OPTIONS /employee/searchByGender?gender=Male HTTP/1.1" 204 0
::1 - - [07/May/2020:20:34:51 +0000] "GET /employee/searchByGender?gender=Male HTTP/1.1" 304 -
::1 - - [07/May/2020:20:36:37 +0000] "OPTIONS /employee/searchByGender?gender=Male HTTP/1.1" 204 0
::1 - - [07/May/2020:20:36:37 +0000] "GET /employee/searchByGender?gender=Male HTTP/1.1" 304 -
::1 - - [07/May/2020:20:54:21 +0000] "OPTIONS /employee/searchByGender?gender=Male HTTP/1.1" 204 0
::1 - - [07/May/2020:20:54:21 +0000] "GET /employee/searchByGender?gender=Male HTTP/1.1" 304 -
::1 - - [07/May/2020:20:57:43 +0000] "OPTIONS /employee/searchByGender?gender=Male HTTP/1.1" 204 0
::1 - - [07/May/2020:20:57:44 +0000] "GET /employee/searchByGender?gender=Male HTTP/1.1" 304 -
::1 - - [07/May/2020:21:02:34 +0000] "OPTIONS /employee/searchByGender?gender=Male HTTP/1.1" 204 0
::1 - - [07/May/2020:21:02:34 +0000] "GET /employee/searchByGender?gender=Male HTTP/1.1" 304 -
::1 - - [07/May/2020:21:03:46 +0000] "OPTIONS /employee/searchByGender?gender=Male HTTP/1.1" 204 0
::1 - - [07/May/2020:21:03:46 +0000] "GET /employee/searchByGender?gender=Male HTTP/1.1" 304 -
::1 - - [07/May/2020:21:04:12 +0000] "OPTIONS /employee/searchByGender?gender=Male HTTP/1.1" 204 0
::1 - - [07/May/2020:21:04:12 +0000] "GET /employee/searchByGender?gender=Male HTTP/1.1" 304 -
::1 - - [07/May/2020:21:04:26 +0000] "OPTIONS /employee/searchByGender?gender=Male HTTP/1.1" 204 0
::1 - - [07/May/2020:21:04:26 +0000] "GET /employee/searchByGender?gender=Male HTTP/1.1" 304 -
::1 - - [07/May/2020:21:08:44 +0000] "OPTIONS /employee/searchByGender?gender=Male HTTP/1.1" 204 0
::1 - - [07/May/2020:21:08:44 +0000] "GET /employee/searchByGender?gender=Male HTTP/1.1" 304 -
::1 - - [07/May/2020:21:08:58 +0000] "OPTIONS /employee/searchByGender?gender=Male HTTP/1.1" 204 0
::1 - - [07/May/2020:21:08:58 +0000] "GET /employee/searchByGender?gender=Male HTTP/1.1" 304 -
::1 - - [07/May/2020:21:09:12 +0000] "OPTIONS /employee/searchByGender?gender=Male HTTP/1.1" 204 0
::1 - - [07/May/2020:21:09:13 +0000] "GET /employee/searchByGender?gender=Male HTTP/1.1" 304 -
::1 - - [07/May/2020:21:09:27 +0000] "OPTIONS /employee/searchByGender?gender=Male HTTP/1.1" 204 0
::1 - - [07/May/2020:21:09:28 +0000] "GET /employee/searchByGender?gender=Male HTTP/1.1" 304 -
::1 - - [07/May/2020:21:09:42 +0000] "OPTIONS /employee/searchByGender?gender=Male HTTP/1.1" 204 0
::1 - - [07/May/2020:21:09:42 +0000] "GET /employee/searchByGender?gender=Male HTTP/1.1" 304 -
::1 - - [07/May/2020:21:10:10 +0000] "OPTIONS /employee/searchByGender?gender=Male HTTP/1.1" 204 0
::1 - - [07/May/2020:21:10:10 +0000] "GET /employee/searchByGender?gender=Male HTTP/1.1" 304 -
::1 - - [07/May/2020:21:10:51 +0000] "OPTIONS /employee/searchByGender?gender=Male HTTP/1.1" 204 0
::1 - - [07/May/2020:21:10:51 +0000] "GET /employee/searchByGender?gender=Male HTTP/1.1" 304 -
::1 - - [07/May/2020:21:11:14 +0000] "OPTIONS /employee/searchByGender?gender=Male HTTP/1.1" 204 0
::1 - - [07/May/2020:21:11:14 +0000] "GET /employee/searchByGender?gender=Male HTTP/1.1" 304 -
::1 - - [07/May/2020:21:11:35 +0000] "OPTIONS /employee/searchByGender?gender=Male HTTP/1.1" 204 0
::1 - - [07/May/2020:21:11:35 +0000] "GET /employee/searchByGender?gender=Male HTTP/1.1" 304 -
::1 - - [07/May/2020:21:12:25 +0000] "OPTIONS /employee/searchByGender?gender=Male HTTP/1.1" 204 0
::1 - - [07/May/2020:21:12:25 +0000] "GET /employee/searchByGender?gender=Male HTTP/1.1" 304 -
::1 - - [07/May/2020:21:13:02 +0000] "OPTIONS /employee/searchByGender?gender=Male HTTP/1.1" 204 0
::1 - - [07/May/2020:21:13:02 +0000] "GET /employee/searchByGender?gender=Male HTTP/1.1" 304 -
::1 - - [07/May/2020:21:29:23 +0000] "OPTIONS /employee/searchByEmail?email=rgodlyi@wired.com HTTP/1.1" 204 0
::1 - - [07/May/2020:21:29:23 +0000] "GET /employee/searchByEmail?email=rgodlyi@wired.com HTTP/1.1" 200 199
::1 - - [07/May/2020:21:33:21 +0000] "OPTIONS /employee/searchByEmail?email=rgodlyi@wired.com HTTP/1.1" 204 0
::1 - - [07/May/2020:21:33:21 +0000] "GET /employee/searchByEmail?email=rgodlyi@wired.com HTTP/1.1" 304 -
::1 - - [07/May/2020:21:33:51 +0000] "OPTIONS /employee/searchByEmail?email=rgodlyi@wired.com HTTP/1.1" 204 0
::1 - - [07/May/2020:21:33:51 +0000] "GET /employee/searchByEmail?email=rgodlyi@wired.com HTTP/1.1" 304 -
::1 - - [07/May/2020:21:35:14 +0000] "OPTIONS /employee/searchByEmail?email=rgodlyi@wired.com HTTP/1.1" 204 0
::1 - - [07/May/2020:21:35:14 +0000] "GET /employee/searchByEmail?email=rgodlyi@wired.com HTTP/1.1" 304 -
::1 - - [07/May/2020:22:01:05 +0000] "OPTIONS /employee/searchByFirstName HTTP/1.1" 204 0
::1 - - [07/May/2020:22:01:05 +0000] "POST /employee/searchByFirstName HTTP/1.1" 404 166
::1 - - [07/May/2020:22:02:12 +0000] "OPTIONS /employee/searchByFirstName HTTP/1.1" 204 0
::1 - - [07/May/2020:22:02:12 +0000] "POST /employee/searchByFirstName HTTP/1.1" 404 166
::1 - - [07/May/2020:22:02:29 +0000] "OPTIONS /employee/searchByFirstName HTTP/1.1" 204 0
::1 - - [07/May/2020:22:02:29 +0000] "POST /employee/searchByFirstName HTTP/1.1" 404 166
::1 - - [07/May/2020:22:03:54 +0000] "OPTIONS /employee/searchByFirstName HTTP/1.1" 204 0
::1 - - [07/May/2020:22:03:54 +0000] "GET /employee/searchByFirstName HTTP/1.1" 200 2
::1 - - [07/May/2020:22:04:47 +0000] "OPTIONS /employee/searchByFirstName?firstName=Reagan HTTP/1.1" 204 0
::1 - - [07/May/2020:22:04:47 +0000] "GET /employee/searchByFirstName?firstName=Reagan HTTP/1.1" 200 201
::1 - - [07/May/2020:22:08:36 +0000] "OPTIONS /employee/searchByGender?gender=Male HTTP/1.1" 204 0
::1 - - [07/May/2020:22:08:37 +0000] "GET /employee/searchByGender?gender=Male HTTP/1.1" 304 -
::1 - - [07/May/2020:22:08:45 +0000] "OPTIONS /employee/searchByLastName?lastName=Messier HTTP/1.1" 204 0
::1 - - [07/May/2020:22:08:45 +0000] "GET /employee/searchByLastName?lastName=Messier HTTP/1.1" 404 164
::1 - - [07/May/2020:22:09:49 +0000] "OPTIONS /employee/searchByLastName?lastName=Messier HTTP/1.1" 204 0
::1 - - [07/May/2020:22:09:49 +0000] "GET /employee/searchByLastName?lastName=Messier HTTP/1.1" 500 2226
::1 - - [07/May/2020:22:10:23 +0000] "OPTIONS /employee/searchByLastName?lastName=Messier HTTP/1.1" 204 0
::1 - - [07/May/2020:22:10:23 +0000] "GET /employee/searchByLastName?lastName=Messier HTTP/1.1" 200 216
